android/app/build/intermediates/manifest_merge_blame_file/debug/manifest-merger-blame-debug-report.txt
1<?xml version="1.0" encoding="utf-8"?>
2<manifest xmlns:android="http://schemas.android.com/apk/res/android"
3    package="com.oneblocklabs.atlaswallet"
4    android:versionCode="11"
5    android:versionName="1.0.0" >
6
7    <uses-sdk
8        android:minSdkVersion="21"
9        android:targetSdkVersion="29" />
10
11    <uses-permission android:name="android.permission.SYSTEM_ALERT_WINDOW" />
11-->src/debug/AndroidManifest.xml:5:5-77
11-->src/debug/AndroidManifest.xml:5:22-75
12    <uses-permission android:name="android.permission.INTERNET" />
12-->src/main/AndroidManifest.xml:2:3-64
12-->src/main/AndroidManifest.xml:2:20-62
13    <uses-permission android:name="android.permission.CAMERA" />
13-->src/main/AndroidManifest.xml:3:3-62
13-->src/main/AndroidManifest.xml:3:20-60
14    <uses-permission android:name="android.permission.VIBRATE" />
14-->src/main/AndroidManifest.xml:4:3-63
14-->src/main/AndroidManifest.xml:4:20-61
15    <uses-permission android:name="android.permission.USE_FINGERPRINT" />
15-->src/main/AndroidManifest.xml:5:3-71
15-->src/main/AndroidManifest.xml:5:20-69
16    <uses-permission android:name="android.permission.ACCESS_WIFI_STATE" />
16-->[com.facebook.flipper:flipper:0.75.1] AndroidManifest.xml:16:5-76
16-->[com.facebook.flipper:flipper:0.75.1] AndroidManifest.xml:16:22-73
17    <uses-permission android:name="android.permission.ACCESS_NETWORK_STATE" />
17-->[:react-native-community_netinfo] AndroidManifest.xml:9:5-79
17-->[:react-native-community_netinfo] AndroidManifest.xml:9:22-76
18    <uses-permission android:name="android.permission.WAKE_LOCK" />
18-->[:react-native-firebase_analytics] AndroidManifest.xml:13:5-68
18-->[:react-native-firebase_analytics] AndroidManifest.xml:13:22-65
19
20    <queries>
20-->[:toruslabs_react-native-web-browser] AndroidManifest.xml:11:5-17:15
21        <intent>
21-->[:toruslabs_react-native-web-browser] AndroidManifest.xml:12:9-16:18
22
23            <!-- Required for opening tabs if targeting API 30 -->
24            <action android:name="android.support.customtabs.action.CustomTabsService" />
24-->[:toruslabs_react-native-web-browser] AndroidManifest.xml:15:13-90
24-->[:toruslabs_react-native-web-browser] AndroidManifest.xml:15:21-87
25        </intent>
26    </queries>
27
28    <uses-feature
28-->[:react-native-camera] AndroidManifest.xml:11:5-13:36
29        android:name="android.hardware.camera"
29-->[:react-native-camera] AndroidManifest.xml:12:9-47
30        android:required="false" />
30-->[:react-native-camera] AndroidManifest.xml:13:9-33
31    <uses-feature
31-->[:react-native-camera] AndroidManifest.xml:14:5-16:36
32        android:name="android.hardware.camera.autofocus"
32-->[:react-native-camera] AndroidManifest.xml:15:9-57
33        android:required="false" />
33-->[:react-native-camera] AndroidManifest.xml:16:9-33
34
35    <uses-permission android:name="android.permission.WRITE_EXTERNAL_STORAGE" />
35-->[:react-native-fs] AndroidManifest.xml:11:5-81
35-->[:react-native-fs] AndroidManifest.xml:11:22-78
36    <uses-permission android:name="android.permission.USE_BIOMETRIC" />
36-->[:react-native-keychain] AndroidManifest.xml:11:5-72
36-->[:react-native-keychain] AndroidManifest.xml:11:22-69
37    <uses-permission android:name="android.permission.CHANGE_WIFI_MULTICAST_STATE" /> <!-- Create a unique permission for your app and use it so only your app can receive your OneSignal messages. -->
37-->[:react-native-udp] AndroidManifest.xml:14:5-86
37-->[:react-native-udp] AndroidManifest.xml:14:22-83
38    <permission
38-->[com.onesignal:OneSignal:4.7.3] AndroidManifest.xml:7:5-9:47
39        android:name="com.oneblocklabs.atlaswallet.permission.C2D_MESSAGE"
39-->[com.onesignal:OneSignal:4.7.3] AndroidManifest.xml:8:9-63
40        android:protectionLevel="signature" />
40-->[com.onesignal:OneSignal:4.7.3] AndroidManifest.xml:9:9-44
41
42    <uses-permission android:name="com.oneblocklabs.atlaswallet.permission.C2D_MESSAGE" /> <!-- c2dm RECEIVE are basic requirements for push messages through Google's FCM -->
42-->[com.onesignal:OneSignal:4.7.3] AndroidManifest.xml:11:5-79
42-->[com.onesignal:OneSignal:4.7.3] AndroidManifest.xml:11:22-76
43    <uses-permission android:name="com.google.android.c2dm.permission.RECEIVE" />
43-->[com.onesignal:OneSignal:4.7.3] AndroidManifest.xml:17:5-82
43-->[com.onesignal:OneSignal:4.7.3] AndroidManifest.xml:17:22-79
44    <!--
45 Use to restore notifications the user hasn't interacted with.
46         They could be missed notifications if the user reboots their device if this isn't in place.
47    -->
48    <uses-permission android:name="android.permission.RECEIVE_BOOT_COMPLETED" /> <!-- START: ShortcutBadger -->
48-->[com.onesignal:OneSignal:4.7.3] AndroidManifest.xml:29:5-81
48-->[com.onesignal:OneSignal:4.7.3] AndroidManifest.xml:29:22-78
49    <!-- Samsung -->
50    <uses-permission android:name="com.sec.android.provider.badge.permission.READ" />
50-->[com.onesignal:OneSignal:4.7.3] AndroidManifest.xml:31:5-86
50-->[com.onesignal:OneSignal:4.7.3] AndroidManifest.xml:31:22-83
51    <uses-permission android:name="com.sec.android.provider.badge.permission.WRITE" /> <!-- HTC -->
51-->[com.onesignal:OneSignal:4.7.3] AndroidManifest.xml:32:5-87
51-->[com.onesignal:OneSignal:4.7.3] AndroidManifest.xml:32:22-84
52    <uses-permission android:name="com.htc.launcher.permission.READ_SETTINGS" />
52-->[com.onesignal:OneSignal:4.7.3] AndroidManifest.xml:33:5-81
52-->[com.onesignal:OneSignal:4.7.3] AndroidManifest.xml:33:22-78
53    <uses-permission android:name="com.htc.launcher.permission.UPDATE_SHORTCUT" /> <!-- Sony -->
53-->[com.onesignal:OneSignal:4.7.3] AndroidManifest.xml:34:5-83
53-->[com.onesignal:OneSignal:4.7.3] AndroidManifest.xml:34:22-80
54    <uses-permission android:name="com.sonyericsson.home.permission.BROADCAST_BADGE" />
54-->[com.onesignal:OneSignal:4.7.3] AndroidManifest.xml:35:5-88
54-->[com.onesignal:OneSignal:4.7.3] AndroidManifest.xml:35:22-85
55    <uses-permission android:name="com.sonymobile.home.permission.PROVIDER_INSERT_BADGE" /> <!-- Apex -->
55-->[com.onesignal:OneSignal:4.7.3] AndroidManifest.xml:36:5-92
55-->[com.onesignal:OneSignal:4.7.3] AndroidManifest.xml:36:22-89
56    <uses-permission android:name="com.anddoes.launcher.permission.UPDATE_COUNT" /> <!-- Solid -->
56-->[com.onesignal:OneSignal:4.7.3] AndroidManifest.xml:37:5-84
56-->[com.onesignal:OneSignal:4.7.3] AndroidManifest.xml:37:22-81
57    <uses-permission android:name="com.majeur.launcher.permission.UPDATE_BADGE" /> <!-- Huawei -->
57-->[com.onesignal:OneSignal:4.7.3] AndroidManifest.xml:38:5-83
57-->[com.onesignal:OneSignal:4.7.3] AndroidManifest.xml:38:22-80
58    <uses-permission android:name="com.huawei.android.launcher.permission.CHANGE_BADGE" />
58-->[com.onesignal:OneSignal:4.7.3] AndroidManifest.xml:39:5-91
58-->[com.onesignal:OneSignal:4.7.3] AndroidManifest.xml:39:22-88
59    <uses-permission android:name="com.huawei.android.launcher.permission.READ_SETTINGS" />
59-->[com.onesignal:OneSignal:4.7.3] AndroidManifest.xml:40:5-92
59-->[com.onesignal:OneSignal:4.7.3] AndroidManifest.xml:40:22-89
60    <uses-permission android:name="com.huawei.android.launcher.permission.WRITE_SETTINGS" /> <!-- ZUK -->
60-->[com.onesignal:OneSignal:4.7.3] AndroidManifest.xml:41:5-93
60-->[com.onesignal:OneSignal:4.7.3] AndroidManifest.xml:41:22-90
61    <uses-permission android:name="android.permission.READ_APP_BADGE" /> <!-- OPPO -->
61-->[com.onesignal:OneSignal:4.7.3] AndroidManifest.xml:42:5-73
61-->[com.onesignal:OneSignal:4.7.3] AndroidManifest.xml:42:22-70
62    <uses-permission android:name="com.oppo.launcher.permission.READ_SETTINGS" />
62-->[com.onesignal:OneSignal:4.7.3] AndroidManifest.xml:43:5-82
62-->[com.onesignal:OneSignal:4.7.3] AndroidManifest.xml:43:22-79
63    <uses-permission android:name="com.oppo.launcher.permission.WRITE_SETTINGS" /> <!-- EvMe -->
63-->[com.onesignal:OneSignal:4.7.3] AndroidManifest.xml:44:5-83
63-->[com.onesignal:OneSignal:4.7.3] AndroidManifest.xml:44:22-80
64    <uses-permission android:name="me.everything.badger.permission.BADGE_COUNT_READ" />
64-->[com.onesignal:OneSignal:4.7.3] AndroidManifest.xml:45:5-88
64-->[com.onesignal:OneSignal:4.7.3] AndroidManifest.xml:45:22-85
65    <uses-permission android:name="me.everything.badger.permission.BADGE_COUNT_WRITE" />
65-->[com.onesignal:OneSignal:4.7.3] AndroidManifest.xml:46:5-89
65-->[com.onesignal:OneSignal:4.7.3] AndroidManifest.xml:46:22-86
66    <uses-permission android:name="com.google.android.gms.permission.AD_ID" />
66-->[com.google.android.gms:play-services-measurement-api:21.0.0] AndroidManifest.xml:25:5-79
66-->[com.google.android.gms:play-services-measurement-api:21.0.0] AndroidManifest.xml:25:22-76
67    <uses-permission android:name="android.permission.FOREGROUND_SERVICE" />
67-->[androidx.work:work-runtime:2.7.1] AndroidManifest.xml:28:5-77
67-->[androidx.work:work-runtime:2.7.1] AndroidManifest.xml:28:22-74
68    <uses-permission android:name="com.google.android.finsky.permission.BIND_GET_INSTALL_REFERRER_SERVICE" />
68-->[com.google.android.gms:play-services-measurement:21.0.0] AndroidManifest.xml:26:5-110
68-->[com.google.android.gms:play-services-measurement:21.0.0] AndroidManifest.xml:26:22-107
69
70    <application
70-->src/main/AndroidManifest.xml:6:3-21:17
71        android:name="com.oblwallet.MainApplication"
71-->src/main/AndroidManifest.xml:6:16-47
72        android:allowBackup="false"
72-->src/main/AndroidManifest.xml:6:162-189
73        android:appComponentFactory="androidx.core.app.CoreComponentFactory"
73-->[androidx.core:core:1.6.0] AndroidManifest.xml:24:18-86
74        android:debuggable="true"
75        android:icon="@mipmap/ic_launcher"
75-->src/main/AndroidManifest.xml:6:81-115
76        android:label="@string/app_name"
76-->src/main/AndroidManifest.xml:6:48-80
77        android:requestLegacyExternalStorage="true"
77-->src/main/AndroidManifest.xml:6:226-269
78        android:roundIcon="@mipmap/ic_launcher_round"
78-->src/main/AndroidManifest.xml:6:116-161
79        android:theme="@style/AppTheme"
79-->src/main/AndroidManifest.xml:6:270-301
80        android:usesCleartextTraffic="true" >
80-->src/main/AndroidManifest.xml:6:190-225
81        <activity android:name="com.facebook.react.devsupport.DevSettingsActivity" />
81-->src/debug/AndroidManifest.xml:11:9-86
81-->src/debug/AndroidManifest.xml:11:19-83
82
83        <meta-data
83-->src/main/AndroidManifest.xml:7:5-137
84            android:name="com.onesignal.messaging.default_notification_icon"
84-->src/main/AndroidManifest.xml:7:16-80
85            android:resource="@drawable/ic_stat_onesignal_default" />
85-->src/main/AndroidManifest.xml:7:81-135
86        <meta-data
86-->src/main/AndroidManifest.xml:8:5-134
87            android:name="com.onesignal.NotificationServiceExtension"
87-->src/main/AndroidManifest.xml:8:16-73
88            android:value="com.oblwallet.NotificationServiceExtension" />
88-->src/main/AndroidManifest.xml:8:74-132
89
90        <activity
90-->src/main/AndroidManifest.xml:9:5-20:16
91            android:name="com.oblwallet.MainActivity"
91-->src/main/AndroidManifest.xml:9:15-43
92            android:configChanges="keyboard|keyboardHidden|orientation|screenSize|uiMode"
92-->src/main/AndroidManifest.xml:9:104-181
93            android:label="@string/app_name"
93-->src/main/AndroidManifest.xml:9:71-103
94            android:launchMode="singleTask"
94-->src/main/AndroidManifest.xml:9:182-213
95            android:supportsRtl="true"
95-->src/main/AndroidManifest.xml:9:44-70
96            android:windowSoftInputMode="adjustPan" >
96-->src/main/AndroidManifest.xml:9:214-253
97            <intent-filter>
97-->src/main/AndroidManifest.xml:10:7-13:23
98                <action android:name="android.intent.action.MAIN" />
98-->src/main/AndroidManifest.xml:11:9-60
98-->src/main/AndroidManifest.xml:11:17-58
99
100                <category android:name="android.intent.category.LAUNCHER" />
100-->src/main/AndroidManifest.xml:12:9-68
100-->src/main/AndroidManifest.xml:12:19-66
101            </intent-filter>
102            <intent-filter>
102-->src/main/AndroidManifest.xml:14:7-19:23
103                <action android:name="android.intent.action.VIEW" />
103-->src/main/AndroidManifest.xml:15:9-60
103-->src/main/AndroidManifest.xml:15:17-58
104
105                <category android:name="android.intent.category.DEFAULT" />
105-->src/main/AndroidManifest.xml:16:9-67
105-->src/main/AndroidManifest.xml:16:19-65
106                <category android:name="android.intent.category.BROWSABLE" />
106-->src/main/AndroidManifest.xml:17:9-69
106-->src/main/AndroidManifest.xml:17:19-67
107
108                <data android:scheme="oblwallet" />
108-->src/main/AndroidManifest.xml:18:9-43
108-->src/main/AndroidManifest.xml:18:15-41
109            </intent-filter>
110        </activity>
111
112        <meta-data
112-->[:react-native-firebase_analytics] AndroidManifest.xml:16:9-18:36
113            android:name="firebase_analytics_collection_enabled"
113-->[:react-native-firebase_analytics] AndroidManifest.xml:17:13-65
114            android:value="true" />
114-->[:react-native-firebase_analytics] AndroidManifest.xml:18:13-33
115        <meta-data
115-->[:react-native-firebase_analytics] AndroidManifest.xml:19:9-21:37
116            android:name="firebase_analytics_collection_deactivated"
116-->[:react-native-firebase_analytics] AndroidManifest.xml:20:13-69
117            android:value="false" />
117-->[:react-native-firebase_analytics] AndroidManifest.xml:21:13-34
118        <meta-data
118-->[:react-native-firebase_analytics] AndroidManifest.xml:22:9-24:36
119            android:name="google_analytics_adid_collection_enabled"
119-->[:react-native-firebase_analytics] AndroidManifest.xml:23:13-68
120            android:value="true" />
120-->[:react-native-firebase_analytics] AndroidManifest.xml:24:13-33
121        <meta-data
121-->[:react-native-firebase_analytics] AndroidManifest.xml:25:9-27:36
122            android:name="google_analytics_ssaid_collection_enabled"
122-->[:react-native-firebase_analytics] AndroidManifest.xml:26:13-69
123            android:value="true" />
123-->[:react-native-firebase_analytics] AndroidManifest.xml:27:13-33
124        <meta-data
124-->[:react-native-firebase_analytics] AndroidManifest.xml:28:9-30:36
125            android:name="google_analytics_default_allow_ad_personalization_signals"
125-->[:react-native-firebase_analytics] AndroidManifest.xml:29:13-85
126            android:value="true" />
126-->[:react-native-firebase_analytics] AndroidManifest.xml:30:13-33
127        <meta-data
127-->[:react-native-firebase_analytics] AndroidManifest.xml:31:9-33:36
128            android:name="google_analytics_automatic_screen_reporting_enabled"
128-->[:react-native-firebase_analytics] AndroidManifest.xml:32:13-79
129            android:value="true" /> <!-- Disable crashlytics by default so we can custom init with CrashlyticsNdk support -->
129-->[:react-native-firebase_analytics] AndroidManifest.xml:33:13-33
130        <meta-data
130-->[:react-native-firebase_crashlytics] AndroidManifest.xml:14:9-16:37
131            android:name="firebase_crashlytics_collection_enabled"
131-->[:react-native-firebase_crashlytics] AndroidManifest.xml:15:13-67
132            android:value="false" />
132-->[:react-native-firebase_crashlytics] AndroidManifest.xml:16:13-34
133
134        <provider
134-->[:react-native-firebase_crashlytics] AndroidManifest.xml:18:9-22:38
135            android:name="io.invertase.firebase.crashlytics.ReactNativeFirebaseCrashlyticsInitProvider"
135-->[:react-native-firebase_crashlytics] AndroidManifest.xml:19:13-104
136            android:authorities="com.oneblocklabs.atlaswallet.reactnativefirebasecrashlyticsinitprovider"
136-->[:react-native-firebase_crashlytics] AndroidManifest.xml:20:13-94
137            android:exported="false"
137-->[:react-native-firebase_crashlytics] AndroidManifest.xml:21:13-37
138            android:initOrder="98" />
138-->[:react-native-firebase_crashlytics] AndroidManifest.xml:22:13-35
139
140        <meta-data
140-->[:react-native-firebase_app] AndroidManifest.xml:12:9-14:36
141            android:name="app_data_collection_default_enabled"
141-->[:react-native-firebase_app] AndroidManifest.xml:13:13-63
142            android:value="true" />
142-->[:react-native-firebase_app] AndroidManifest.xml:14:13-33
143
144        <service
144-->[:react-native-firebase_app] AndroidManifest.xml:16:9-20:19
145            android:name="com.google.firebase.components.ComponentDiscoveryService"
145-->[:react-native-firebase_app] AndroidManifest.xml:16:18-89
146            android:directBootAware="true"
146-->[com.google.firebase:firebase-common:20.1.1] AndroidManifest.xml:35:13-43
147            android:exported="false" >
147-->[com.google.firebase:firebase-crashlytics-ndk:18.2.11] AndroidManifest.xml:34:13-37
148            <meta-data
148-->[:react-native-firebase_app] AndroidManifest.xml:17:13-19:85
149                android:name="com.google.firebase.components:io.invertase.firebase.app.ReactNativeFirebaseAppRegistrar"
149-->[:react-native-firebase_app] AndroidManifest.xml:18:17-120
150                android:value="com.google.firebase.components.ComponentRegistrar" />
150-->[:react-native-firebase_app] AndroidManifest.xml:19:17-82
151            <meta-data
151-->[com.google.firebase:firebase-crashlytics-ndk:18.2.11] AndroidManifest.xml:35:13-37:85
152                android:name="com.google.firebase.components:com.google.firebase.crashlytics.ndk.CrashlyticsNdkRegistrar"
152-->[com.google.firebase:firebase-crashlytics-ndk:18.2.11] AndroidManifest.xml:36:17-122
153                android:value="com.google.firebase.components.ComponentRegistrar" />
153-->[com.google.firebase:firebase-crashlytics-ndk:18.2.11] AndroidManifest.xml:37:17-82
154            <meta-data
154-->[com.google.firebase:firebase-crashlytics:18.2.11] AndroidManifest.xml:18:13-20:85
155                android:name="com.google.firebase.components:com.google.firebase.crashlytics.CrashlyticsRegistrar"
155-->[com.google.firebase:firebase-crashlytics:18.2.11] AndroidManifest.xml:19:17-115
156                android:value="com.google.firebase.components.ComponentRegistrar" />
156-->[com.google.firebase:firebase-crashlytics:18.2.11] AndroidManifest.xml:20:17-82
157            <meta-data
157-->[com.google.firebase:firebase-messaging:23.0.5] AndroidManifest.xml:55:13-57:85
158                android:name="com.google.firebase.components:com.google.firebase.messaging.FirebaseMessagingRegistrar"
158-->[com.google.firebase:firebase-messaging:23.0.5] AndroidManifest.xml:56:17-119
159                android:value="com.google.firebase.components.ComponentRegistrar" />
159-->[com.google.firebase:firebase-messaging:23.0.5] AndroidManifest.xml:57:17-82
160            <meta-data
160-->[com.google.firebase:firebase-datatransport:18.1.4] AndroidManifest.xml:28:13-30:85
161                android:name="com.google.firebase.components:com.google.firebase.datatransport.TransportRegistrar"
161-->[com.google.firebase:firebase-datatransport:18.1.4] AndroidManifest.xml:29:17-115
162                android:value="com.google.firebase.components.ComponentRegistrar" />
162-->[com.google.firebase:firebase-datatransport:18.1.4] AndroidManifest.xml:30:17-82
163            <meta-data
163-->[com.google.android.gms:play-services-measurement-api:21.0.0] AndroidManifest.xml:31:13-33:85
164                android:name="com.google.firebase.components:com.google.firebase.analytics.connector.internal.AnalyticsConnectorRegistrar"
164-->[com.google.android.gms:play-services-measurement-api:21.0.0] AndroidManifest.xml:32:17-139
165                android:value="com.google.firebase.components.ComponentRegistrar" />
165-->[com.google.android.gms:play-services-measurement-api:21.0.0] AndroidManifest.xml:33:17-82
166            <meta-data
166-->[com.google.firebase:firebase-installations:17.0.1] AndroidManifest.xml:18:13-20:85
167                android:name="com.google.firebase.components:com.google.firebase.installations.FirebaseInstallationsRegistrar"
167-->[com.google.firebase:firebase-installations:17.0.1] AndroidManifest.xml:19:17-127
168                android:value="com.google.firebase.components.ComponentRegistrar" />
168-->[com.google.firebase:firebase-installations:17.0.1] AndroidManifest.xml:20:17-82
169        </service>
170
171        <provider
171-->[:react-native-firebase_app] AndroidManifest.xml:22:9-26:38
172            android:name="io.invertase.firebase.app.ReactNativeFirebaseAppInitProvider"
172-->[:react-native-firebase_app] AndroidManifest.xml:23:13-88
173            android:authorities="com.oneblocklabs.atlaswallet.reactnativefirebaseappinitprovider"
173-->[:react-native-firebase_app] AndroidManifest.xml:24:13-86
174            android:exported="false"
174-->[:react-native-firebase_app] AndroidManifest.xml:25:13-37
175            android:initOrder="99" />
175-->[:react-native-firebase_app] AndroidManifest.xml:26:13-35
176        <provider
176-->[:react-native-share] AndroidManifest.xml:10:9-18:20
177            android:name="cl.json.RNShareFileProvider"
177-->[:react-native-share] AndroidManifest.xml:11:13-55
178            android:authorities="com.oneblocklabs.atlaswallet.rnshare.fileprovider"
178-->[:react-native-share] AndroidManifest.xml:12:13-72
179            android:exported="false"
179-->[:react-native-share] AndroidManifest.xml:13:13-37
180            android:grantUriPermissions="true" >
180-->[:react-native-share] AndroidManifest.xml:14:13-47
181            <meta-data
181-->[:react-native-share] AndroidManifest.xml:15:13-17:64
182                android:name="android.support.FILE_PROVIDER_PATHS"
182-->[:react-native-share] AndroidManifest.xml:16:17-67
183                android:resource="@xml/share_download_paths" />
183-->[:react-native-share] AndroidManifest.xml:17:17-61
184        </provider>
185        <provider
185-->[:react-native-webview] AndroidManifest.xml:12:9-20:20
186            android:name="com.reactnativecommunity.webview.RNCWebViewFileProvider"
186-->[:react-native-webview] AndroidManifest.xml:13:13-83
187            android:authorities="com.oneblocklabs.atlaswallet.fileprovider"
187-->[:react-native-webview] AndroidManifest.xml:14:13-64
188            android:exported="false"
188-->[:react-native-webview] AndroidManifest.xml:15:13-37
189            android:grantUriPermissions="true" >
189-->[:react-native-webview] AndroidManifest.xml:16:13-47
190            <meta-data
190-->[:react-native-share] AndroidManifest.xml:15:13-17:64
191                android:name="android.support.FILE_PROVIDER_PATHS"
191-->[:react-native-share] AndroidManifest.xml:16:17-67
192                android:resource="@xml/file_provider_paths" />
192-->[:react-native-share] AndroidManifest.xml:17:17-61
193        </provider>
194
195        <receiver
195-->[com.onesignal:OneSignal:4.7.3] AndroidManifest.xml:49:9-60:20
196            android:name="com.onesignal.FCMBroadcastReceiver"
196-->[com.onesignal:OneSignal:4.7.3] AndroidManifest.xml:50:13-62
197            android:exported="true"
197-->[com.onesignal:OneSignal:4.7.3] AndroidManifest.xml:51:13-36
198            android:permission="com.google.android.c2dm.permission.SEND" >
198-->[com.onesignal:OneSignal:4.7.3] AndroidManifest.xml:52:13-73
199
200            <!-- High priority so OneSignal payloads can be filtered from other FCM receivers -->
201            <intent-filter android:priority="999" >
201-->[com.onesignal:OneSignal:4.7.3] AndroidManifest.xml:55:13-59:29
201-->[com.onesignal:OneSignal:4.7.3] AndroidManifest.xml:55:28-50
202                <action android:name="com.google.android.c2dm.intent.RECEIVE" />
202-->[com.onesignal:OneSignal:4.7.3] AndroidManifest.xml:56:17-81
202-->[com.onesignal:OneSignal:4.7.3] AndroidManifest.xml:56:25-78
203
204                <category android:name="com.oneblocklabs.atlaswallet" />
204-->[com.onesignal:OneSignal:4.7.3] AndroidManifest.xml:58:17-61
204-->[com.onesignal:OneSignal:4.7.3] AndroidManifest.xml:58:27-58
205            </intent-filter>
206        </receiver>
207
208        <service
208-->[com.onesignal:OneSignal:4.7.3] AndroidManifest.xml:62:9-68:19
209            android:name="com.onesignal.HmsMessageServiceOneSignal"
209-->[com.onesignal:OneSignal:4.7.3] AndroidManifest.xml:63:13-68
210            android:exported="false" >
210-->[com.onesignal:OneSignal:4.7.3] AndroidManifest.xml:64:13-37
211            <intent-filter>
211-->[com.onesignal:OneSignal:4.7.3] AndroidManifest.xml:65:13-67:29
212                <action android:name="com.huawei.push.action.MESSAGING_EVENT" />
212-->[com.onesignal:OneSignal:4.7.3] AndroidManifest.xml:66:17-81
212-->[com.onesignal:OneSignal:4.7.3] AndroidManifest.xml:66:25-78
213            </intent-filter>
214        </service>
215
216        <activity
216-->[com.onesignal:OneSignal:4.7.3] AndroidManifest.xml:70:9-78:20
217            android:name="com.onesignal.NotificationOpenedActivityHMS"
217-->[com.onesignal:OneSignal:4.7.3] AndroidManifest.xml:71:13-71
218            android:exported="true"
218-->[com.onesignal:OneSignal:4.7.3] AndroidManifest.xml:72:13-36
219            android:noHistory="true"
219-->[com.onesignal:OneSignal:4.7.3] AndroidManifest.xml:73:13-37
220            android:theme="@android:style/Theme.Translucent.NoTitleBar" >
220-->[com.onesignal:OneSignal:4.7.3] AndroidManifest.xml:74:13-72
221            <intent-filter>
221-->[com.onesignal:OneSignal:4.7.3] AndroidManifest.xml:75:13-77:29
222                <action android:name="android.intent.action.VIEW" />
222-->src/main/AndroidManifest.xml:15:9-60
222-->src/main/AndroidManifest.xml:15:17-58
223            </intent-filter>
224        </activity>
225
226        <service
226-->[com.onesignal:OneSignal:4.7.3] AndroidManifest.xml:80:9-82:40
227            android:name="com.onesignal.FCMIntentService"
227-->[com.onesignal:OneSignal:4.7.3] AndroidManifest.xml:81:13-58
228            android:exported="false" />
228-->[com.onesignal:OneSignal:4.7.3] AndroidManifest.xml:82:13-37
229        <service
229-->[com.onesignal:OneSignal:4.7.3] AndroidManifest.xml:83:9-86:72
230            android:name="com.onesignal.FCMIntentJobService"
230-->[com.onesignal:OneSignal:4.7.3] AndroidManifest.xml:84:13-61
231            android:exported="false"
231-->[com.onesignal:OneSignal:4.7.3] AndroidManifest.xml:85:13-37
232            android:permission="android.permission.BIND_JOB_SERVICE" />
232-->[com.onesignal:OneSignal:4.7.3] AndroidManifest.xml:86:13-69
233        <service
233-->[com.onesignal:OneSignal:4.7.3] AndroidManifest.xml:87:9-90:43
234            android:name="com.onesignal.SyncService"
234-->[com.onesignal:OneSignal:4.7.3] AndroidManifest.xml:88:13-53
235            android:exported="false"
235-->[com.onesignal:OneSignal:4.7.3] AndroidManifest.xml:89:13-37
236            android:stopWithTask="true" />
236-->[com.onesignal:OneSignal:4.7.3] AndroidManifest.xml:90:13-40
237        <service
237-->[com.onesignal:OneSignal:4.7.3] AndroidManifest.xml:91:9-94:72
238            android:name="com.onesignal.SyncJobService"
238-->[com.onesignal:OneSignal:4.7.3] AndroidManifest.xml:92:13-56
239            android:exported="false"
239-->[com.onesignal:OneSignal:4.7.3] AndroidManifest.xml:93:13-37
240            android:permission="android.permission.BIND_JOB_SERVICE" />
240-->[com.onesignal:OneSignal:4.7.3] AndroidManifest.xml:94:13-69
241
242        <activity
242-->[com.onesignal:OneSignal:4.7.3] AndroidManifest.xml:96:9-99:75
243            android:name="com.onesignal.PermissionsActivity"
243-->[com.onesignal:OneSignal:4.7.3] AndroidManifest.xml:97:13-61
244            android:exported="false"
244-->[com.onesignal:OneSignal:4.7.3] AndroidManifest.xml:98:13-37
245            android:theme="@android:style/Theme.Translucent.NoTitleBar" />
245-->[com.onesignal:OneSignal:4.7.3] AndroidManifest.xml:99:13-72
246
247        <receiver
247-->[com.onesignal:OneSignal:4.7.3] AndroidManifest.xml:101:9-103:39
248            android:name="com.onesignal.NotificationDismissReceiver"
248-->[com.onesignal:OneSignal:4.7.3] AndroidManifest.xml:102:13-69
249            android:exported="true" />
249-->[com.onesignal:OneSignal:4.7.3] AndroidManifest.xml:103:13-36
250        <receiver
250-->[com.onesignal:OneSignal:4.7.3] AndroidManifest.xml:104:9-111:20
251            android:name="com.onesignal.BootUpReceiver"
251-->[com.onesignal:OneSignal:4.7.3] AndroidManifest.xml:105:13-56
252            android:exported="true" >
252-->[com.onesignal:OneSignal:4.7.3] AndroidManifest.xml:106:13-36
253            <intent-filter>
253-->[com.onesignal:OneSignal:4.7.3] AndroidManifest.xml:107:13-110:29
254                <action android:name="android.intent.action.BOOT_COMPLETED" />
254-->[com.onesignal:OneSignal:4.7.3] AndroidManifest.xml:108:17-79
254-->[com.onesignal:OneSignal:4.7.3] AndroidManifest.xml:108:25-76
255                <action android:name="android.intent.action.QUICKBOOT_POWERON" />
255-->[com.onesignal:OneSignal:4.7.3] AndroidManifest.xml:109:17-82
255-->[com.onesignal:OneSignal:4.7.3] AndroidManifest.xml:109:25-79
256            </intent-filter>
257        </receiver>
258        <receiver
258-->[com.onesignal:OneSignal:4.7.3] AndroidManifest.xml:112:9-118:20
259            android:name="com.onesignal.UpgradeReceiver"
259-->[com.onesignal:OneSignal:4.7.3] AndroidManifest.xml:113:13-57
260            android:exported="true" >
260-->[com.onesignal:OneSignal:4.7.3] AndroidManifest.xml:114:13-36
261            <intent-filter>
261-->[com.onesignal:OneSignal:4.7.3] AndroidManifest.xml:115:13-117:29
262                <action android:name="android.intent.action.MY_PACKAGE_REPLACED" />
262-->[com.onesignal:OneSignal:4.7.3] AndroidManifest.xml:116:17-84
262-->[com.onesignal:OneSignal:4.7.3] AndroidManifest.xml:116:25-81
263            </intent-filter>
264        </receiver>
265
266        <activity